2025-05-04 01:49:09 [INFO] c.t.Logging_2.Logging2Application - Starting Logging2Application using Java 17.0.12 with PID 10012 (F:\spring practice files\Logging_2\Logging_2\target\classes started by MD RAKIBUL HASAN in F:\spring practice files\Logging_2)
2025-05-04 01:49:09 [INFO] c.t.Logging_2.Logging2Application - No active profile set, falling back to 1 default profile: "default"
2025-05-04 01:49:11 [INFO] o.s.d.r.c.RepositoryConfigurationDelegate - Bootstrapping Spring Data JPA repositories in DEFAULT mode.
2025-05-04 01:49:11 [INFO] o.s.d.r.c.RepositoryConfigurationDelegate - Finished Spring Data repository scanning in 100 ms. Found 1 JPA repository interface.
2025-05-04 01:49:12 [INFO] o.s.b.w.e.tomcat.TomcatWebServer - Tomcat initialized with port 8082 (http)
2025-05-04 01:49:12 [INFO] o.a.coyote.http11.Http11NioProtocol - Initializing ProtocolHandler ["http-nio-8082"]
2025-05-04 01:49:12 [INFO] o.a.catalina.core.StandardService - Starting service [Tomcat]
2025-05-04 01:49:12 [INFO] o.a.catalina.core.StandardEngine - Starting Servlet engine: [Apache Tomcat/10.1.40]
2025-05-04 01:49:12 [INFO] o.a.c.c.C.[Tomcat].[localhost].[/] - Initializing Spring embedded WebApplicationContext
2025-05-04 01:49:12 [INFO] o.s.b.w.s.c.ServletWebServerApplicationContext - Root WebApplicationContext: initialization completed in 2482 ms
2025-05-04 01:49:12 [INFO] o.h.jpa.internal.util.LogHelper - HHH000204: Processing PersistenceUnitInfo [name: default]
2025-05-04 01:49:12 [INFO] org.hibernate.Version - HHH000412: Hibernate ORM core version 6.6.13.Final
2025-05-04 01:49:12 [INFO] o.h.c.i.RegionFactoryInitiator - HHH000026: Second-level cache disabled
2025-05-04 01:49:13 [INFO] o.s.o.j.p.SpringPersistenceUnitInfo - No LoadTimeWeaver setup: ignoring JPA class transformer
2025-05-04 01:49:13 [INFO] com.zaxxer.hikari.HikariDataSource - HikariPool-1 - Starting...
2025-05-04 01:49:13 [INFO] com.zaxxer.hikari.pool.HikariPool - HikariPool-1 - Added connection conn0: url=jdbc:h2:mem:testdb user=SA
2025-05-04 01:49:13 [INFO] com.zaxxer.hikari.HikariDataSource - HikariPool-1 - Start completed.
2025-05-04 01:49:13 [WARN] org.hibernate.orm.deprecation - HHH90000025: H2Dialect does not need to be specified explicitly using 'hibernate.dialect' (remove the property setting and it will be selected by default)
2025-05-04 01:49:13 [INFO] o.hibernate.orm.connections.pooling - HHH10001005: Database info:
	Database JDBC URL [Connecting through datasource 'HikariDataSource (HikariPool-1)']
	Database driver: undefined/unknown
	Database version: 2.3.232
	Autocommit mode: undefined/unknown
	Isolation level: undefined/unknown
	Minimum pool size: undefined/unknown
	Maximum pool size: undefined/unknown
2025-05-04 01:49:14 [INFO] o.h.e.t.j.p.i.JtaPlatformInitiator - HHH000489: No JTA platform available (set 'hibernate.transaction.jta.platform' to enable JTA platform integration)
2025-05-04 01:49:14 [INFO] o.s.o.j.LocalContainerEntityManagerFactoryBean - Initialized JPA EntityManagerFactory for persistence unit 'default'
2025-05-04 01:49:15 [WARN] o.s.b.a.o.j.JpaBaseConfiguration$JpaWebConfiguration - spring.jpa.open-in-view is enabled by default. Therefore, database queries may be performed during view rendering. Explicitly configure spring.jpa.open-in-view to disable this warning
2025-05-04 01:49:15 [INFO] o.s.b.a.h.H2ConsoleAutoConfiguration - H2 console available at '/h2-console'. Database available at 'jdbc:h2:mem:testdb'
2025-05-04 01:49:15 [INFO] o.a.coyote.http11.Http11NioProtocol - Starting ProtocolHandler ["http-nio-8082"]
2025-05-04 01:49:15 [INFO] o.s.b.w.e.tomcat.TomcatWebServer - Tomcat started on port 8082 (http) with context path '/'
2025-05-04 01:49:15 [INFO] c.t.Logging_2.Logging2Application - Started Logging2Application in 7.208 seconds (process running for 8.007)
2025-05-04 01:49:34 [INFO] o.a.c.c.C.[Tomcat].[localhost].[/] - Initializing Spring DispatcherServlet 'dispatcherServlet'
2025-05-04 01:49:34 [INFO] o.s.web.servlet.DispatcherServlet - Initializing Servlet 'dispatcherServlet'
2025-05-04 01:49:34 [INFO] o.s.web.servlet.DispatcherServlet - Completed initialization in 1 ms
2025-05-04 01:49:54 [INFO] o.s.b.w.e.tomcat.GracefulShutdown - Commencing graceful shutdown. Waiting for active requests to complete
2025-05-04 01:49:54 [INFO] o.s.b.w.e.tomcat.GracefulShutdown - Graceful shutdown complete
2025-05-04 01:49:54 [INFO] o.s.o.j.LocalContainerEntityManagerFactoryBean - Closing JPA EntityManagerFactory for persistence unit 'default'
2025-05-04 01:49:54 [INFO] com.zaxxer.hikari.HikariDataSource - HikariPool-1 - Shutdown initiated...
2025-05-04 01:49:54 [INFO] com.zaxxer.hikari.HikariDataSource - HikariPool-1 - Shutdown completed.
